{"/mnt/c/Users/josec/OneDrive/Escritorio/AI Compu/AI-HOJA-1/src/cart.ts": {"path":"/mnt/c/Users/josec/OneDrive/Escritorio/AI Compu/AI-HOJA-1/src/cart.ts","statementMap":{"0":{"start":{"line":2,"column":39},"end":{"line":2,"column":null}},"1":{"start":{"line":5,"column":4},"end":{"line":5,"column":null}},"2":{"start":{"line":9,"column":4},"end":{"line":9,"column":null}},"3":{"start":{"line":13,"column":20},"end":{"line":13,"column":null}},"4":{"start":{"line":15,"column":4},"end":{"line":21,"column":null}},"5":{"start":{"line":16,"column":6},"end":{"line":18,"column":null}},"6":{"start":{"line":17,"column":8},"end":{"line":17,"column":null}},"7":{"start":{"line":19,"column":6},"end":{"line":19,"column":null}},"8":{"start":{"line":20,"column":6},"end":{"line":20,"column":null}},"9":{"start":{"line":23,"column":24},"end":{"line":23,"column":null}},"10":{"start":{"line":25,"column":4},"end":{"line":28,"column":null}},"11":{"start":{"line":26,"column":6},"end":{"line":26,"column":null}},"12":{"start":{"line":27,"column":6},"end":{"line":27,"column":null}},"13":{"start":{"line":30,"column":4},"end":{"line":30,"column":null}}},"fnMap":{"0":{"name":"isEmpty","decl":{"start":{"line":4,"column":2},"end":{"line":4,"column":21}},"loc":{"start":{"line":4,"column":21},"end":{"line":6,"column":null}},"line":4},"1":{"name":"getQuantity","decl":{"start":{"line":8,"column":2},"end":{"line":8,"column":14}},"loc":{"start":{"line":8,"column":41},"end":{"line":10,"column":null}},"line":8},"2":{"name":"addOrUpdate","decl":{"start":{"line":12,"column":2},"end":{"line":12,"column":14}},"loc":{"start":{"line":12,"column":54},"end":{"line":31,"column":null}},"line":12}},"branchMap":{"0":{"loc":{"start":{"line":9,"column":11},"end":{"line":9,"column":null}},"type":"binary-expr","locations":[{"start":{"line":9,"column":11},"end":{"line":9,"column":40}},{"start":{"line":9,"column":40},"end":{"line":9,"column":null}}],"line":9},"1":{"loc":{"start":{"line":15,"column":4},"end":{"line":21,"column":null}},"type":"if","locations":[{"start":{"line":15,"column":4},"end":{"line":21,"column":null}},{"start":{},"end":{}}],"line":15},"2":{"loc":{"start":{"line":16,"column":6},"end":{"line":18,"column":null}},"type":"if","locations":[{"start":{"line":16,"column":6},"end":{"line":18,"column":null}},{"start":{},"end":{}}],"line":16},"3":{"loc":{"start":{"line":25,"column":4},"end":{"line":28,"column":null}},"type":"if","locations":[{"start":{"line":25,"column":4},"end":{"line":28,"column":null}},{"start":{},"end":{}}],"line":25}},"s":{"0":5,"1":3,"2":3,"3":6,"4":6,"5":4,"6":1,"7":3,"8":3,"9":2,"10":2,"11":1,"12":1,"13":1},"f":{"0":3,"1":3,"2":6},"b":{"0":[3,1],"1":[4,2],"2":[1,3],"3":[1,1]},"meta":{"lastBranch":4,"lastFunction":3,"lastStatement":14,"seen":{"s:2:39:2:Infinity":0,"f:4:2:4:21":0,"s:5:4:5:Infinity":1,"f:8:2:8:14":1,"s:9:4:9:Infinity":2,"b:9:11:9:40:9:40:9:Infinity":0,"f:12:2:12:14":2,"s:13:20:13:Infinity":3,"b:15:4:21:Infinity:undefined:undefined:undefined:undefined":1,"s:15:4:21:Infinity":4,"b:16:6:18:Infinity:undefined:undefined:undefined:undefined":2,"s:16:6:18:Infinity":5,"s:17:8:17:Infinity":6,"s:19:6:19:Infinity":7,"s:20:6:20:Infinity":8,"s:23:24:23:Infinity":9,"b:25:4:28:Infinity:undefined:undefined:undefined:undefined":3,"s:25:4:28:Infinity":10,"s:26:6:26:Infinity":11,"s:27:6:27:Infinity":12,"s:30:4:30:Infinity":13},"fnNames":{}}}
}
