{"/mnt/c/Users/josec/OneDrive/Escritorio/AI Compu/AI-HOJA-1/src/cart.ts": {"path":"/mnt/c/Users/josec/OneDrive/Escritorio/AI Compu/AI-HOJA-1/src/cart.ts","statementMap":{"0":{"start":{"line":2,"column":39},"end":{"line":2,"column":null}},"1":{"start":{"line":5,"column":4},"end":{"line":5,"column":null}},"2":{"start":{"line":9,"column":4},"end":{"line":9,"column":null}},"3":{"start":{"line":13,"column":4},"end":{"line":13,"column":null}},"4":{"start":{"line":17,"column":20},"end":{"line":17,"column":null}},"5":{"start":{"line":19,"column":4},"end":{"line":25,"column":null}},"6":{"start":{"line":20,"column":6},"end":{"line":22,"column":null}},"7":{"start":{"line":21,"column":8},"end":{"line":21,"column":null}},"8":{"start":{"line":23,"column":6},"end":{"line":23,"column":null}},"9":{"start":{"line":24,"column":6},"end":{"line":24,"column":null}},"10":{"start":{"line":27,"column":24},"end":{"line":27,"column":null}},"11":{"start":{"line":29,"column":4},"end":{"line":32,"column":null}},"12":{"start":{"line":30,"column":6},"end":{"line":30,"column":null}},"13":{"start":{"line":31,"column":6},"end":{"line":31,"column":null}},"14":{"start":{"line":34,"column":4},"end":{"line":34,"column":null}}},"fnMap":{"0":{"name":"isEmpty","decl":{"start":{"line":4,"column":2},"end":{"line":4,"column":21}},"loc":{"start":{"line":4,"column":21},"end":{"line":6,"column":null}},"line":4},"1":{"name":"getQuantity","decl":{"start":{"line":8,"column":2},"end":{"line":8,"column":14}},"loc":{"start":{"line":8,"column":41},"end":{"line":10,"column":null}},"line":8},"2":{"name":"getEntries","decl":{"start":{"line":12,"column":2},"end":{"line":12,"column":35}},"loc":{"start":{"line":12,"column":35},"end":{"line":14,"column":null}},"line":12},"3":{"name":"addOrUpdate","decl":{"start":{"line":16,"column":2},"end":{"line":16,"column":14}},"loc":{"start":{"line":16,"column":54},"end":{"line":35,"column":null}},"line":16}},"branchMap":{"0":{"loc":{"start":{"line":9,"column":11},"end":{"line":9,"column":null}},"type":"binary-expr","locations":[{"start":{"line":9,"column":11},"end":{"line":9,"column":40}},{"start":{"line":9,"column":40},"end":{"line":9,"column":null}}],"line":9},"1":{"loc":{"start":{"line":19,"column":4},"end":{"line":25,"column":null}},"type":"if","locations":[{"start":{"line":19,"column":4},"end":{"line":25,"column":null}},{"start":{},"end":{}}],"line":19},"2":{"loc":{"start":{"line":20,"column":6},"end":{"line":22,"column":null}},"type":"if","locations":[{"start":{"line":20,"column":6},"end":{"line":22,"column":null}},{"start":{},"end":{}}],"line":20},"3":{"loc":{"start":{"line":29,"column":4},"end":{"line":32,"column":null}},"type":"if","locations":[{"start":{"line":29,"column":4},"end":{"line":32,"column":null}},{"start":{},"end":{}}],"line":29}},"s":{"0":8,"1":8,"2":3,"3":3,"4":11,"5":11,"6":8,"7":2,"8":6,"9":6,"10":3,"11":3,"12":2,"13":2,"14":1},"f":{"0":8,"1":3,"2":3,"3":11},"b":{"0":[3,1],"1":[8,3],"2":[2,6],"3":[2,1]},"meta":{"lastBranch":4,"lastFunction":4,"lastStatement":15,"seen":{"s:2:39:2:Infinity":0,"f:4:2:4:21":0,"s:5:4:5:Infinity":1,"f:8:2:8:14":1,"s:9:4:9:Infinity":2,"b:9:11:9:40:9:40:9:Infinity":0,"f:12:2:12:35":2,"s:13:4:13:Infinity":3,"f:16:2:16:14":3,"s:17:20:17:Infinity":4,"b:19:4:25:Infinity:undefined:undefined:undefined:undefined":1,"s:19:4:25:Infinity":5,"b:20:6:22:Infinity:undefined:undefined:undefined:undefined":2,"s:20:6:22:Infinity":6,"s:21:8:21:Infinity":7,"s:23:6:23:Infinity":8,"s:24:6:24:Infinity":9,"s:27:24:27:Infinity":10,"b:29:4:32:Infinity:undefined:undefined:undefined:undefined":3,"s:29:4:32:Infinity":11,"s:30:6:30:Infinity":12,"s:31:6:31:Infinity":13,"s:34:4:34:Infinity":14},"fnNames":{}}}
,"/mnt/c/Users/josec/OneDrive/Escritorio/AI Compu/AI-HOJA-1/src/commands.ts": {"path":"/mnt/c/Users/josec/OneDrive/Escritorio/AI Compu/AI-HOJA-1/src/commands.ts","statementMap":{"0":{"start":{"line":9,"column":18},"end":{"line":9,"column":null}},"1":{"start":{"line":11,"column":2},"end":{"line":13,"column":null}},"2":{"start":{"line":12,"column":4},"end":{"line":12,"column":null}},"3":{"start":{"line":15,"column":16},"end":{"line":15,"column":null}},"4":{"start":{"line":16,"column":2},"end":{"line":18,"column":null}},"5":{"start":{"line":17,"column":4},"end":{"line":17,"column":null}},"6":{"start":{"line":20,"column":33},"end":{"line":20,"column":null}},"7":{"start":{"line":21,"column":16},"end":{"line":21,"column":null}},"8":{"start":{"line":23,"column":2},"end":{"line":25,"column":null}},"9":{"start":{"line":24,"column":4},"end":{"line":24,"column":null}},"10":{"start":{"line":27,"column":2},"end":{"line":27,"column":null}},"11":{"start":{"line":31,"column":2},"end":{"line":33,"column":null}},"12":{"start":{"line":32,"column":4},"end":{"line":32,"column":null}},"13":{"start":{"line":35,"column":16},"end":{"line":37,"column":null}},"14":{"start":{"line":37,"column":36},"end":{"line":37,"column":80}},"15":{"start":{"line":39,"column":2},"end":{"line":39,"column":null}},"16":{"start":{"line":43,"column":2},"end":{"line":43,"column":null}}},"fnMap":{"0":{"name":"parseCommand","decl":{"start":{"line":8,"column":16},"end":{"line":8,"column":29}},"loc":{"start":{"line":8,"column":52},"end":{"line":28,"column":null}},"line":8},"1":{"name":"renderCartState","decl":{"start":{"line":30,"column":16},"end":{"line":30,"column":32}},"loc":{"start":{"line":30,"column":52},"end":{"line":40,"column":null}},"line":30},"2":{"name":"(anonymous_2)","decl":{"start":{"line":37,"column":5},"end":{"line":37,"column":10}},"loc":{"start":{"line":37,"column":36},"end":{"line":37,"column":80}},"line":37},"3":{"name":"renderNotInCartError","decl":{"start":{"line":42,"column":16},"end":{"line":42,"column":37}},"loc":{"start":{"line":42,"column":64},"end":{"line":44,"column":null}},"line":42}},"branchMap":{"0":{"loc":{"start":{"line":11,"column":2},"end":{"line":13,"column":null}},"type":"if","locations":[{"start":{"line":11,"column":2},"end":{"line":13,"column":null}},{"start":{},"end":{}}],"line":11},"1":{"loc":{"start":{"line":16,"column":2},"end":{"line":18,"column":null}},"type":"if","locations":[{"start":{"line":16,"column":2},"end":{"line":18,"column":null}},{"start":{},"end":{}}],"line":16},"2":{"loc":{"start":{"line":23,"column":2},"end":{"line":25,"column":null}},"type":"if","locations":[{"start":{"line":23,"column":2},"end":{"line":25,"column":null}},{"start":{},"end":{}}],"line":23},"3":{"loc":{"start":{"line":23,"column":6},"end":{"line":23,"column":41}},"type":"binary-expr","locations":[{"start":{"line":23,"column":6},"end":{"line":23,"column":20}},{"start":{"line":23,"column":20},"end":{"line":23,"column":41}}],"line":23},"4":{"loc":{"start":{"line":31,"column":2},"end":{"line":33,"column":null}},"type":"if","locations":[{"start":{"line":31,"column":2},"end":{"line":33,"column":null}},{"start":{},"end":{}}],"line":31}},"s":{"0":10,"1":10,"2":2,"3":8,"4":8,"5":1,"6":7,"7":7,"8":7,"9":1,"10":6,"11":5,"12":2,"13":3,"14":3,"15":3,"16":2},"f":{"0":10,"1":5,"2":3,"3":2},"b":{"0":[2,8],"1":[1,7],"2":[1,6],"3":[7,7],"4":[2,3]},"meta":{"lastBranch":5,"lastFunction":4,"lastStatement":17,"seen":{"f:8:16:8:29":0,"s:9:18:9:Infinity":0,"b:11:2:13:Infinity:undefined:undefined:undefined:undefined":0,"s:11:2:13:Infinity":1,"s:12:4:12:Infinity":2,"s:15:16:15:Infinity":3,"b:16:2:18:Infinity:undefined:undefined:undefined:undefined":1,"s:16:2:18:Infinity":4,"s:17:4:17:Infinity":5,"s:20:33:20:Infinity":6,"s:21:16:21:Infinity":7,"b:23:2:25:Infinity:undefined:undefined:undefined:undefined":2,"s:23:2:25:Infinity":8,"b:23:6:23:20:23:20:23:41":3,"s:24:4:24:Infinity":9,"s:27:2:27:Infinity":10,"f:30:16:30:32":1,"b:31:2:33:Infinity:undefined:undefined:undefined:undefined":4,"s:31:2:33:Infinity":11,"s:32:4:32:Infinity":12,"s:35:16:37:Infinity":13,"f:37:5:37:10":2,"s:37:36:37:80":14,"s:39:2:39:Infinity":15,"f:42:16:42:37":3,"s:43:2:43:Infinity":16},"fnNames":{}}}
,"/mnt/c/Users/josec/OneDrive/Escritorio/AI Compu/AI-HOJA-1/src/tui.ts": {"path":"/mnt/c/Users/josec/OneDrive/Escritorio/AI Compu/AI-HOJA-1/src/tui.ts","statementMap":{"0":{"start":{"line":9,"column":13},"end":{"line":9,"column":null}},"1":{"start":{"line":10,"column":15},"end":{"line":10,"column":null}},"2":{"start":{"line":11,"column":21},"end":{"line":11,"column":null}},"3":{"start":{"line":13,"column":2},"end":{"line":13,"column":null}},"4":{"start":{"line":15,"column":2},"end":{"line":43,"column":null}},"5":{"start":{"line":16,"column":4},"end":{"line":20,"column":null}},"6":{"start":{"line":17,"column":6},"end":{"line":17,"column":null}},"7":{"start":{"line":18,"column":6},"end":{"line":18,"column":null}},"8":{"start":{"line":19,"column":6},"end":{"line":19,"column":null}},"9":{"start":{"line":22,"column":20},"end":{"line":22,"column":null}},"10":{"start":{"line":24,"column":4},"end":{"line":28,"column":null}},"11":{"start":{"line":25,"column":6},"end":{"line":25,"column":null}},"12":{"start":{"line":26,"column":6},"end":{"line":26,"column":null}},"13":{"start":{"line":27,"column":6},"end":{"line":27,"column":null}},"14":{"start":{"line":30,"column":4},"end":{"line":33,"column":null}},"15":{"start":{"line":31,"column":6},"end":{"line":31,"column":null}},"16":{"start":{"line":32,"column":6},"end":{"line":32,"column":null}},"17":{"start":{"line":35,"column":4},"end":{"line":42,"column":null}},"18":{"start":{"line":36,"column":6},"end":{"line":36,"column":null}},"19":{"start":{"line":37,"column":6},"end":{"line":37,"column":null}},"20":{"start":{"line":38,"column":6},"end":{"line":38,"column":null}},"21":{"start":{"line":40,"column":6},"end":{"line":40,"column":null}},"22":{"start":{"line":41,"column":6},"end":{"line":41,"column":null}},"23":{"start":{"line":45,"column":2},"end":{"line":45,"column":null}}},"fnMap":{"0":{"name":"startTui","decl":{"start":{"line":5,"column":16},"end":{"line":5,"column":null}},"loc":{"start":{"line":8,"column":22},"end":{"line":46,"column":null}},"line":8},"1":{"name":"(anonymous_1)","decl":{"start":{"line":15,"column":8},"end":{"line":15,"column":17}},"loc":{"start":{"line":15,"column":26},"end":{"line":43,"column":3}},"line":15}},"branchMap":{"0":{"loc":{"start":{"line":6,"column":2},"end":{"line":6,"column":null}},"type":"default-arg","locations":[{"start":{"line":6,"column":33},"end":{"line":6,"column":null}}],"line":6},"1":{"loc":{"start":{"line":7,"column":2},"end":{"line":7,"column":null}},"type":"default-arg","locations":[{"start":{"line":7,"column":34},"end":{"line":7,"column":null}}],"line":7},"2":{"loc":{"start":{"line":16,"column":4},"end":{"line":20,"column":null}},"type":"if","locations":[{"start":{"line":16,"column":4},"end":{"line":20,"column":null}},{"start":{},"end":{}}],"line":16},"3":{"loc":{"start":{"line":24,"column":4},"end":{"line":28,"column":null}},"type":"if","locations":[{"start":{"line":24,"column":4},"end":{"line":28,"column":null}},{"start":{},"end":{}}],"line":24},"4":{"loc":{"start":{"line":30,"column":4},"end":{"line":33,"column":null}},"type":"if","locations":[{"start":{"line":30,"column":4},"end":{"line":33,"column":null}},{"start":{},"end":{}}],"line":30}},"s":{"0":1,"1":1,"2":1,"3":1,"4":1,"5":6,"6":1,"7":1,"8":1,"9":5,"10":5,"11":1,"12":1,"13":1,"14":4,"15":0,"16":0,"17":4,"18":4,"19":4,"20":4,"21":1,"22":1,"23":1},"f":{"0":1,"1":6},"b":{"0":[1],"1":[1],"2":[1,5],"3":[1,4],"4":[0,4]},"meta":{"lastBranch":5,"lastFunction":2,"lastStatement":24,"seen":{"f:5:16:5:Infinity":0,"b:6:33:6:Infinity":0,"b:7:34:7:Infinity":1,"s:9:13:9:Infinity":0,"s:10:15:10:Infinity":1,"s:11:21:11:Infinity":2,"s:13:2:13:Infinity":3,"s:15:2:43:Infinity":4,"f:15:8:15:17":1,"b:16:4:20:Infinity:undefined:undefined:undefined:undefined":2,"s:16:4:20:Infinity":5,"s:17:6:17:Infinity":6,"s:18:6:18:Infinity":7,"s:19:6:19:Infinity":8,"s:22:20:22:Infinity":9,"b:24:4:28:Infinity:undefined:undefined:undefined:undefined":3,"s:24:4:28:Infinity":10,"s:25:6:25:Infinity":11,"s:26:6:26:Infinity":12,"s:27:6:27:Infinity":13,"b:30:4:33:Infinity:undefined:undefined:undefined:undefined":4,"s:30:4:33:Infinity":14,"s:31:6:31:Infinity":15,"s:32:6:32:Infinity":16,"s:35:4:42:Infinity":17,"s:36:6:36:Infinity":18,"s:37:6:37:Infinity":19,"s:38:6:38:Infinity":20,"s:40:6:40:Infinity":21,"s:41:6:41:Infinity":22,"s:45:2:45:Infinity":23},"fnNames":{}}}
}
